<?xml version="1.0" encoding="UTF-8"?>
<!-- Generated by org.testng.reporters.JUnitXMLReporter -->
<testsuite hostname="Prateeks-PC" name="Test.TestCase" tests="4" failures="0" timestamp="16 Dec 2021 13:27:24 GMT" time="5.34" errors="0">
  <testcase name="@BeforeMethod AppLaunch" time="0.0" classname="com.nopcommerce.test.TestCase">
    <failure type="java.lang.NullPointerException">
      <![CDATA[java.lang.NullPointerException
	at com.nopcommercce.base.TestBase.AppLaunch(TestBase.java:41)
	at java.util.concurrent.ThreadPoolExecutor.runWorker(ThreadPoolExecutor.java:1142)
	at java.util.concurrent.ThreadPoolExecutor$Worker.run(ThreadPoolExecutor.java:617)
	at java.lang.Thread.run(Thread.java:745)
... Removed 12 stack frames]]>
    </failure>
  </testcase> <!-- @BeforeMethod AppLaunch -->
  <testcase name="@BeforeMethod AppLaunch" time="0.0" classname="com.nopcommerce.test.TestCase">
    <failure type="java.lang.NullPointerException">
      <![CDATA[java.lang.NullPointerException
	at com.nopcommercce.base.TestBase.AppLaunch(TestBase.java:41)
	at java.util.concurrent.ThreadPoolExecutor.runWorker(ThreadPoolExecutor.java:1142)
	at java.util.concurrent.ThreadPoolExecutor$Worker.run(ThreadPoolExecutor.java:617)
	at java.lang.Thread.run(Thread.java:745)
... Removed 12 stack frames]]>
    </failure>
  </testcase> <!-- @BeforeMethod AppLaunch -->
  <testcase name="@AfterMethod tearDown" time="0.0" classname="com.nopcommerce.test.TestCase">
    <skipped/>
  </testcase> <!-- @AfterMethod tearDown -->
  <testcase name="@AfterMethod tearDown" time="0.0" classname="com.nopcommerce.test.TestCase">
    <skipped/>
  </testcase> <!-- @AfterMethod tearDown -->
  <testcase name="@AfterMethod tearDown" time="0.0" classname="com.nopcommerce.test.TestCase">
    <skipped/>
  </testcase> <!-- @AfterMethod tearDown -->
  <testcase name="@AfterMethod tearDown" time="0.0" classname="com.nopcommerce.test.TestCase">
    <skipped/>
  </testcase> <!-- @AfterMethod tearDown -->
  <testcase name="TC_02" time="0.005" classname="com.nopcommerce.test.TestCase">
    <skipped/>
  </testcase> <!-- TC_02 -->
  <testcase name="TC_03" time="0.007" classname="com.nopcommerce.test.TestCase">
    <skipped/>
  </testcase> <!-- TC_03 -->
  <testcase name="TC_04" time="0.002" classname="com.nopcommerce.test.TestCase">
    <skipped/>
  </testcase> <!-- TC_04 -->
  <testcase name="TC_01" time="0.001" classname="com.nopcommerce.test.TestCase">
    <skipped/>
  </testcase> <!-- TC_01 -->
</testsuite> <!-- Test.TestCase -->
