<?xml version="1.0" encoding="UTF-8"?>
<!-- Generated by org.testng.reporters.JUnitXMLReporter -->
<testsuite hostname="Prateeks-PC" name="Test" tests="4" failures="0" timestamp="16 Dec 2021 14:58:47 GMT" time="9.853" errors="0">
  <testcase name="TC_03" time="0.013" classname="com.nopcommerce.test.TestCase"/>
  <testcase name="TC_02" time="0.005" classname="com.nopcommerce.test.TestCase"/>
  <testcase name="TC_04" time="0.003" classname="com.nopcommerce.test.TestCase"/>
  <testcase name="TC_01" time="0.002" classname="com.nopcommerce.test.TestCase"/>
</testsuite> <!-- Test -->
