<?xml version="1.0" encoding="UTF-8"?>
<testng-results skipped="0" failed="0" total="4" passed="4">
  <reporter-output>
  </reporter-output>
  <suite name="Suite" duration-ms="9853" started-at="2021-12-16T14:58:37Z" finished-at="2021-12-16T14:58:47Z">
    <groups>
    </groups>
    <test name="Test" duration-ms="9853" started-at="2021-12-16T14:58:37Z" finished-at="2021-12-16T14:58:47Z">
      <class name="com.nopcommerce.test.TestCase">
        <test-method status="PASS" signature="AppLaunch()[pri:0, instance:com.nopcommerce.test.TestCase@523884b2]" name="AppLaunch" is-config="true" duration-ms="5422" started-at="2021-12-16T20:28:37Z" finished-at="2021-12-16T20:28:43Z">
          <reporter-output>
          </reporter-output>
        </test-method> <!-- AppLaunch -->
        <test-method status="PASS" signature="AppLaunch()[pri:0, instance:com.nopcommerce.test.TestCase@523884b2]" name="AppLaunch" is-config="true" duration-ms="5456" started-at="2021-12-16T20:28:37Z" finished-at="2021-12-16T20:28:43Z">
          <reporter-output>
          </reporter-output>
        </test-method> <!-- AppLaunch -->
        <test-method status="PASS" signature="AppLaunch()[pri:0, instance:com.nopcommerce.test.TestCase@523884b2]" name="AppLaunch" is-config="true" duration-ms="5598" started-at="2021-12-16T20:28:37Z" finished-at="2021-12-16T20:28:43Z">
          <reporter-output>
          </reporter-output>
        </test-method> <!-- AppLaunch -->
        <test-method status="PASS" signature="AppLaunch()[pri:0, instance:com.nopcommerce.test.TestCase@523884b2]" name="AppLaunch" is-config="true" duration-ms="5645" started-at="2021-12-16T20:28:37Z" finished-at="2021-12-16T20:28:43Z">
          <reporter-output>
          </reporter-output>
        </test-method> <!-- AppLaunch -->
        <test-method status="PASS" signature="TC_03()[pri:0, instance:com.nopcommerce.test.TestCase@523884b2]" name="TC_03" duration-ms="13" started-at="2021-12-16T20:28:43Z" finished-at="2021-12-16T20:28:43Z">
          <reporter-output>
          </reporter-output>
        </test-method> <!-- TC_03 -->
        <test-method status="PASS" signature="tearDown()[pri:0, instance:com.nopcommerce.test.TestCase@523884b2]" name="tearDown" is-config="true" duration-ms="253" started-at="2021-12-16T20:28:43Z" finished-at="2021-12-16T20:28:43Z">
          <reporter-output>
          </reporter-output>
        </test-method> <!-- tearDown -->
        <test-method status="PASS" signature="TC_02()[pri:0, instance:com.nopcommerce.test.TestCase@523884b2]" name="TC_02" duration-ms="5" started-at="2021-12-16T20:28:43Z" finished-at="2021-12-16T20:28:43Z">
          <reporter-output>
          </reporter-output>
        </test-method> <!-- TC_02 -->
        <test-method status="PASS" signature="tearDown()[pri:0, instance:com.nopcommerce.test.TestCase@523884b2]" name="tearDown" is-config="true" duration-ms="295" started-at="2021-12-16T20:28:43Z" finished-at="2021-12-16T20:28:43Z">
          <reporter-output>
          </reporter-output>
        </test-method> <!-- tearDown -->
        <test-method status="PASS" signature="TC_04()[pri:0, instance:com.nopcommerce.test.TestCase@523884b2]" name="TC_04" duration-ms="3" started-at="2021-12-16T20:28:43Z" finished-at="2021-12-16T20:28:43Z">
          <reporter-output>
          </reporter-output>
        </test-method> <!-- TC_04 -->
        <test-method status="PASS" signature="tearDown()[pri:0, instance:com.nopcommerce.test.TestCase@523884b2]" name="tearDown" is-config="true" duration-ms="169" started-at="2021-12-16T20:28:43Z" finished-at="2021-12-16T20:28:43Z">
          <reporter-output>
          </reporter-output>
        </test-method> <!-- tearDown -->
        <test-method status="PASS" signature="TC_01()[pri:0, instance:com.nopcommerce.test.TestCase@523884b2]" name="TC_01" duration-ms="2" started-at="2021-12-16T20:28:43Z" finished-at="2021-12-16T20:28:43Z">
          <reporter-output>
          </reporter-output>
        </test-method> <!-- TC_01 -->
        <test-method status="PASS" signature="tearDown()[pri:0, instance:com.nopcommerce.test.TestCase@523884b2]" name="tearDown" is-config="true" duration-ms="4184" started-at="2021-12-16T20:28:43Z" finished-at="2021-12-16T20:28:47Z">
          <reporter-output>
          </reporter-output>
        </test-method> <!-- tearDown -->
      </class> <!-- com.nopcommerce.test.TestCase -->
    </test> <!-- Test -->
  </suite> <!-- Suite -->
</testng-results>
